<?xml version="1.0" encoding="UTF-8"?>
<testsuite name="tourGuide.TestTourGuideService" tests="6" skipped="0" failures="0" errors="0" timestamp="2023-02-15T15:48:59" hostname="DESKTOP-5NJS85D" time="0.305">
  <properties/>
  <testcase name="getUserLocation" classname="tourGuide.TestTourGuideService" time="0.104"/>
  <testcase name="addUser" classname="tourGuide.TestTourGuideService" time="0.0"/>
  <testcase name="getTripDeals" classname="tourGuide.TestTourGuideService" time="0.01"/>
  <testcase name="getAllUsers" classname="tourGuide.TestTourGuideService" time="0.001"/>
  <testcase name="trackUser" classname="tourGuide.TestTourGuideService" time="0.084"/>
  <testcase name="getNearbyAttractions" classname="tourGuide.TestTourGuideService" time="0.101"/>
  <system-out><![CDATA[16:48:59.899 [Test worker] INFO tourGuide.service.TourGuideService - TestMode enabled
16:48:59.899 [Test worker] DEBUG tourGuide.service.TourGuideService - Initializing users
16:48:59.900 [Test worker] DEBUG tourGuide.service.TourGuideService - Created 0 internal test users.
16:48:59.900 [Test worker] DEBUG tourGuide.service.TourGuideService - Finished initializing users
16:48:59.900 [pool-11-thread-1] DEBUG tourGuide.tracker.Tracker - Begin Tracker. Tracking 0 users.
16:48:59.900 [pool-11-thread-1] DEBUG tourGuide.tracker.Tracker - Tracker Time Elapsed: 0 seconds.
16:48:59.900 [pool-11-thread-1] DEBUG tourGuide.tracker.Tracker - Tracker sleeping
16:49:00.005 [Test worker] INFO tourGuide.service.TourGuideService - TestMode enabled
16:49:00.005 [Test worker] DEBUG tourGuide.service.TourGuideService - Initializing users
16:49:00.005 [Test worker] DEBUG tourGuide.service.TourGuideService - Created 0 internal test users.
16:49:00.005 [Test worker] DEBUG tourGuide.service.TourGuideService - Finished initializing users
16:49:00.006 [pool-13-thread-1] DEBUG tourGuide.tracker.Tracker - Tracker stopping
16:49:00.006 [Test worker] INFO tourGuide.service.TourGuideService - TestMode enabled
16:49:00.007 [Test worker] DEBUG tourGuide.service.TourGuideService - Initializing users
16:49:00.007 [Test worker] DEBUG tourGuide.service.TourGuideService - Created 0 internal test users.
16:49:00.007 [Test worker] DEBUG tourGuide.service.TourGuideService - Finished initializing users
16:49:00.008 [pool-15-thread-1] DEBUG tourGuide.tracker.Tracker - Begin Tracker. Tracking 0 users.
16:49:00.008 [pool-15-thread-1] DEBUG tourGuide.tracker.Tracker - Tracker Time Elapsed: 0 seconds.
16:49:00.008 [pool-15-thread-1] DEBUG tourGuide.tracker.Tracker - Tracker sleeping
16:49:00.017 [Test worker] INFO tourGuide.service.TourGuideService - TestMode enabled
16:49:00.017 [Test worker] DEBUG tourGuide.service.TourGuideService - Initializing users
16:49:00.017 [Test worker] DEBUG tourGuide.service.TourGuideService - Created 0 internal test users.
16:49:00.017 [Test worker] DEBUG tourGuide.service.TourGuideService - Finished initializing users
16:49:00.017 [pool-17-thread-1] DEBUG tourGuide.tracker.Tracker - Tracker stopping
16:49:00.017 [Test worker] INFO tourGuide.service.TourGuideService - TestMode enabled
16:49:00.019 [Test worker] DEBUG tourGuide.service.TourGuideService - Initializing users
16:49:00.019 [Test worker] DEBUG tourGuide.service.TourGuideService - Created 0 internal test users.
16:49:00.019 [Test worker] DEBUG tourGuide.service.TourGuideService - Finished initializing users
16:49:00.019 [pool-19-thread-1] DEBUG tourGuide.tracker.Tracker - Begin Tracker. Tracking 0 users.
16:49:00.019 [pool-19-thread-1] DEBUG tourGuide.tracker.Tracker - Tracker Time Elapsed: 0 seconds.
16:49:00.019 [pool-19-thread-1] DEBUG tourGuide.tracker.Tracker - Tracker sleeping
16:49:00.103 [Test worker] INFO tourGuide.service.TourGuideService - TestMode enabled
16:49:00.103 [Test worker] DEBUG tourGuide.service.TourGuideService - Initializing users
16:49:00.103 [Test worker] DEBUG tourGuide.service.TourGuideService - Created 0 internal test users.
16:49:00.103 [Test worker] DEBUG tourGuide.service.TourGuideService - Finished initializing users
16:49:00.104 [pool-21-thread-1] DEBUG tourGuide.tracker.Tracker - Begin Tracker. Tracking 0 users.
16:49:00.104 [pool-21-thread-1] DEBUG tourGuide.tracker.Tracker - Tracker Time Elapsed: 0 seconds.
16:49:00.104 [pool-21-thread-1] DEBUG tourGuide.tracker.Tracker - Tracker sleeping
]]></system-out>
  <system-err><![CDATA[]]></system-err>
</testsuite>
