<?xml version="1.0" encoding="UTF-8"?>
<testsuite name="tourGuide.TestTourGuideService" tests="1" skipped="0" failures="0" errors="0" timestamp="2022-11-21T11:09:34" hostname="DESKTOP-5NJS85D" time="0.276">
  <properties/>
  <testcase name="getNearbyAttractions" classname="tourGuide.TestTourGuideService" time="0.276"/>
  <system-out><![CDATA[12:09:34.802 [Test worker] INFO tourGuide.service.TourGuideService - TestMode enabled
12:09:34.808 [Test worker] DEBUG tourGuide.service.TourGuideService - Initializing users
12:09:34.812 [Test worker] DEBUG tourGuide.service.TourGuideService - Created 0 internal test users.
12:09:34.812 [Test worker] DEBUG tourGuide.service.TourGuideService - Finished initializing users
12:09:34.822 [pool-2-thread-1] DEBUG tourGuide.tracker.Tracker - Begin Tracker. Tracking 0 users.
12:09:34.823 [pool-2-thread-1] DEBUG tourGuide.tracker.Tracker - Tracker Time Elapsed: 0 seconds.
12:09:34.824 [pool-2-thread-1] DEBUG tourGuide.tracker.Tracker - Tracker sleeping
]]></system-out>
  <system-err><![CDATA[Nov 21, 2022 12:09:34 PM org.javamoney.moneta.DefaultMonetaryContextFactory createMonetaryContextNonNullConfig
INFO: Using custom MathContext: precision=256, roundingMode=HALF_EVEN
]]></system-err>
</testsuite>
