<?xml version="1.0" encoding="UTF-8"?>
<testsuite name="tourGuide.TestPerformance" tests="1" skipped="0" failures="0" errors="0" timestamp="2022-11-02T18:38:46" hostname="DESKTOP-5NJS85D" time="32.343">
  <properties/>
  <testcase name="highVolumeTrackLocation" classname="tourGuide.TestPerformance" time="32.343"/>
  <system-out><![CDATA[19:38:46.535 [Test worker] INFO tourGuide.service.TourGuideService - TestMode enabled
19:38:46.548 [Test worker] DEBUG tourGuide.service.TourGuideService - Initializing users
19:38:47.320 [Test worker] DEBUG tourGuide.service.TourGuideService - Created 100000 internal test users.
19:38:47.321 [Test worker] DEBUG tourGuide.service.TourGuideService - Finished initializing users
19:38:47.361 [pool-1-thread-1] DEBUG tourGuide.tracker.Tracker - Begin Tracker. Tracking 100000 users.
highVolumeTrackLocation: Time Elapsed: 31 seconds.
]]></system-out>
  <system-err><![CDATA[Nov 02, 2022 7:38:46 PM org.javamoney.moneta.DefaultMonetaryContextFactory createMonetaryContextNonNullConfig
INFO: Using custom MathContext: precision=256, roundingMode=HALF_EVEN
]]></system-err>
</testsuite>
